[2017-12-02 15:07:45 +0000] [1] [INFO] Starting gunicorn 19.7.1
[2017-12-02 15:07:45 +0000] [1] [INFO] Listening at: http://0.0.0.0:8000 (1)
[2017-12-02 15:07:45 +0000] [1] [INFO] Using worker: sync
[2017-12-02 15:07:45 +0000] [10] [INFO] Booting worker with pid: 10
[2017-12-02 15:07:45 +0000] [12] [INFO] Booting worker with pid: 12
[2017-12-02 15:07:45 +0000] [13] [INFO] Booting worker with pid: 13
[2017-12-02 15:10:23 +0000] [1] [CRITICAL] WORKER TIMEOUT (pid:13)
[2017-12-02 15:10:23 +0000] [13] [INFO] Worker exiting (pid: 13)
[2017-12-02 15:10:23 +0000] [16] [INFO] Booting worker with pid: 16
[2017-12-02 15:25:30 +0000] [1] [INFO] Handling signal: term
[2017-12-02 15:25:30 +0000] [10] [INFO] Worker exiting (pid: 10)
[2017-12-02 15:25:30 +0000] [12] [INFO] Worker exiting (pid: 12)
[2017-12-02 15:25:30 +0000] [16] [INFO] Worker exiting (pid: 16)
[2017-12-02 15:25:31 +0000] [1] [INFO] Shutting down: Master
[2017-12-02 15:27:08 +0000] [1] [INFO] Starting gunicorn 19.7.1
[2017-12-02 15:27:08 +0000] [1] [INFO] Listening at: http://0.0.0.0:8000 (1)
[2017-12-02 15:27:08 +0000] [1] [INFO] Using worker: sync
[2017-12-02 15:27:08 +0000] [10] [INFO] Booting worker with pid: 10
[2017-12-02 15:27:08 +0000] [11] [INFO] Booting worker with pid: 11
[2017-12-02 15:27:08 +0000] [13] [INFO] Booting worker with pid: 13
[2017-12-02 15:31:30 +0000] [1] [INFO] Handling signal: term
[2017-12-02 15:31:30 +0000] [10] [INFO] Worker exiting (pid: 10)
[2017-12-02 15:31:30 +0000] [11] [INFO] Worker exiting (pid: 11)
[2017-12-02 15:31:30 +0000] [13] [INFO] Worker exiting (pid: 13)
[2017-12-02 15:31:30 +0000] [1] [INFO] Shutting down: Master
[2017-12-02 15:34:14 +0000] [1] [INFO] Starting gunicorn 19.7.1
[2017-12-02 15:34:14 +0000] [1] [INFO] Listening at: http://0.0.0.0:8000 (1)
[2017-12-02 15:34:14 +0000] [1] [INFO] Using worker: sync
[2017-12-02 15:34:14 +0000] [10] [INFO] Booting worker with pid: 10
[2017-12-02 15:34:14 +0000] [11] [INFO] Booting worker with pid: 11
[2017-12-02 15:34:14 +0000] [12] [INFO] Booting worker with pid: 12
[2017-12-02 15:37:45 +0000] [1] [INFO] Handling signal: term
[2017-12-02 15:37:45 +0000] [10] [INFO] Worker exiting (pid: 10)
[2017-12-02 15:37:45 +0000] [11] [INFO] Worker exiting (pid: 11)
[2017-12-02 15:37:45 +0000] [12] [INFO] Worker exiting (pid: 12)
[2017-12-02 15:37:46 +0000] [1] [INFO] Shutting down: Master
[2017-12-02 15:39:08 +0000] [1] [INFO] Starting gunicorn 19.7.1
[2017-12-02 15:39:08 +0000] [1] [INFO] Listening at: http://0.0.0.0:8000 (1)
[2017-12-02 15:39:08 +0000] [1] [INFO] Using worker: sync
[2017-12-02 15:39:08 +0000] [12] [INFO] Booting worker with pid: 12
[2017-12-02 15:39:09 +0000] [14] [INFO] Booting worker with pid: 14
[2017-12-02 15:39:09 +0000] [15] [INFO] Booting worker with pid: 15
[2017-12-02 15:41:48 +0000] [1] [CRITICAL] WORKER TIMEOUT (pid:12)
[2017-12-02 15:41:48 +0000] [12] [INFO] Worker exiting (pid: 12)
[2017-12-02 15:41:48 +0000] [1] [CRITICAL] WORKER TIMEOUT (pid:14)
[2017-12-02 15:41:48 +0000] [14] [INFO] Worker exiting (pid: 14)
[2017-12-02 15:41:48 +0000] [1] [CRITICAL] WORKER TIMEOUT (pid:15)
[2017-12-02 15:41:48 +0000] [15] [INFO] Worker exiting (pid: 15)
[2017-12-02 15:41:48 +0000] [18] [INFO] Booting worker with pid: 18
[2017-12-02 15:41:48 +0000] [19] [INFO] Booting worker with pid: 19
[2017-12-02 15:41:48 +0000] [20] [INFO] Booting worker with pid: 20
[2017-12-02 15:44:41 +0000] [1] [INFO] Handling signal: term
[2017-12-02 15:44:41 +0000] [18] [INFO] Worker exiting (pid: 18)
[2017-12-02 15:44:41 +0000] [19] [INFO] Worker exiting (pid: 19)
[2017-12-02 15:44:41 +0000] [20] [INFO] Worker exiting (pid: 20)
[2017-12-02 15:44:41 +0000] [1] [INFO] Shutting down: Master
[2017-12-02 15:50:40 +0000] [1] [INFO] Starting gunicorn 19.7.1
[2017-12-02 15:50:40 +0000] [1] [INFO] Listening at: http://0.0.0.0:8000 (1)
[2017-12-02 15:50:40 +0000] [1] [INFO] Using worker: sync
[2017-12-02 15:50:40 +0000] [12] [INFO] Booting worker with pid: 12
[2017-12-02 15:50:40 +0000] [13] [INFO] Booting worker with pid: 13
[2017-12-02 15:50:40 +0000] [15] [INFO] Booting worker with pid: 15
[2017-12-02 16:26:37 +0000] [1] [INFO] Handling signal: term
[2017-12-02 16:26:37 +0000] [12] [INFO] Worker exiting (pid: 12)
[2017-12-02 16:26:37 +0000] [13] [INFO] Worker exiting (pid: 13)
[2017-12-02 16:26:37 +0000] [15] [INFO] Worker exiting (pid: 15)
[2017-12-02 16:26:37 +0000] [1] [INFO] Shutting down: Master
[2017-12-02 16:32:32 +0000] [1] [INFO] Starting gunicorn 19.7.1
[2017-12-02 16:32:32 +0000] [1] [INFO] Listening at: http://0.0.0.0:8000 (1)
[2017-12-02 16:32:32 +0000] [1] [INFO] Using worker: sync
[2017-12-02 16:32:32 +0000] [10] [INFO] Booting worker with pid: 10
[2017-12-02 16:32:32 +0000] [11] [INFO] Booting worker with pid: 11
[2017-12-02 16:32:32 +0000] [12] [INFO] Booting worker with pid: 12
[2017-12-02 16:36:50 +0000] [1] [INFO] Handling signal: term
[2017-12-02 16:36:50 +0000] [10] [INFO] Worker exiting (pid: 10)
[2017-12-02 16:36:50 +0000] [11] [INFO] Worker exiting (pid: 11)
[2017-12-02 16:36:50 +0000] [12] [INFO] Worker exiting (pid: 12)
[2017-12-02 16:36:51 +0000] [1] [INFO] Shutting down: Master
[2017-12-02 16:40:21 +0000] [1] [INFO] Starting gunicorn 19.7.1
[2017-12-02 16:40:21 +0000] [1] [INFO] Listening at: http://0.0.0.0:8000 (1)
[2017-12-02 16:40:21 +0000] [1] [INFO] Using worker: sync
[2017-12-02 16:40:21 +0000] [10] [INFO] Booting worker with pid: 10
[2017-12-02 16:40:21 +0000] [11] [INFO] Booting worker with pid: 11
[2017-12-02 16:40:21 +0000] [13] [INFO] Booting worker with pid: 13
[2017-12-02 18:21:19 +0000] [1] [INFO] Starting gunicorn 19.7.1
[2017-12-02 18:21:19 +0000] [1] [INFO] Listening at: http://0.0.0.0:8000 (1)
[2017-12-02 18:21:19 +0000] [1] [INFO] Using worker: sync
[2017-12-02 18:21:19 +0000] [10] [INFO] Booting worker with pid: 10
[2017-12-02 18:21:19 +0000] [11] [INFO] Booting worker with pid: 11
[2017-12-02 18:21:19 +0000] [12] [INFO] Booting worker with pid: 12
[2017-12-02 18:22:14 +0000] [1] [INFO] Handling signal: term
[2017-12-02 18:22:14 +0000] [10] [INFO] Worker exiting (pid: 10)
[2017-12-02 18:22:14 +0000] [11] [INFO] Worker exiting (pid: 11)
[2017-12-02 18:22:14 +0000] [12] [INFO] Worker exiting (pid: 12)
[2017-12-02 18:22:14 +0000] [1] [INFO] Shutting down: Master
[2017-12-02 18:47:12 +0000] [1] [INFO] Starting gunicorn 19.7.1
[2017-12-02 18:47:12 +0000] [1] [INFO] Listening at: http://0.0.0.0:8000 (1)
[2017-12-02 18:47:12 +0000] [1] [INFO] Using worker: sync
[2017-12-02 18:47:12 +0000] [10] [INFO] Booting worker with pid: 10
[2017-12-02 18:47:12 +0000] [11] [INFO] Booting worker with pid: 11
[2017-12-02 18:47:12 +0000] [12] [INFO] Booting worker with pid: 12
[2017-12-03 08:20:13 +0000] [1] [INFO] Handling signal: term
[2017-12-03 08:20:13 +0000] [10] [INFO] Worker exiting (pid: 10)
[2017-12-03 08:20:13 +0000] [11] [INFO] Worker exiting (pid: 11)
[2017-12-03 08:20:13 +0000] [12] [INFO] Worker exiting (pid: 12)
[2017-12-03 08:20:13 +0000] [1] [INFO] Shutting down: Master
[2017-12-03 08:27:34 +0000] [1] [INFO] Starting gunicorn 19.7.1
[2017-12-03 08:27:34 +0000] [1] [INFO] Listening at: http://0.0.0.0:8000 (1)
[2017-12-03 08:27:34 +0000] [1] [INFO] Using worker: sync
[2017-12-03 08:27:34 +0000] [10] [INFO] Booting worker with pid: 10
[2017-12-03 08:27:34 +0000] [11] [INFO] Booting worker with pid: 11
[2017-12-03 08:27:34 +0000] [12] [INFO] Booting worker with pid: 12
[2017-12-03 09:49:47 +0000] [1] [INFO] Handling signal: term
[2017-12-03 09:49:47 +0000] [10] [INFO] Worker exiting (pid: 10)
[2017-12-03 09:49:47 +0000] [11] [INFO] Worker exiting (pid: 11)
[2017-12-03 09:49:47 +0000] [12] [INFO] Worker exiting (pid: 12)
[2017-12-03 09:49:47 +0000] [1] [INFO] Shutting down: Master
[2017-12-03 09:53:45 +0000] [1] [INFO] Starting gunicorn 19.7.1
[2017-12-03 09:53:45 +0000] [1] [INFO] Listening at: http://0.0.0.0:8000 (1)
[2017-12-03 09:53:45 +0000] [1] [INFO] Using worker: sync
[2017-12-03 09:53:45 +0000] [10] [INFO] Booting worker with pid: 10
[2017-12-03 09:53:45 +0000] [11] [INFO] Booting worker with pid: 11
[2017-12-03 09:53:45 +0000] [12] [INFO] Booting worker with pid: 12
[2017-12-03 10:01:10 +0000] [1] [INFO] Handling signal: term
[2017-12-03 10:01:10 +0000] [10] [INFO] Worker exiting (pid: 10)
[2017-12-03 10:01:10 +0000] [11] [INFO] Worker exiting (pid: 11)
[2017-12-03 10:01:10 +0000] [12] [INFO] Worker exiting (pid: 12)
[2017-12-03 10:01:10 +0000] [1] [INFO] Shutting down: Master
[2017-12-03 10:33:04 +0000] [1] [INFO] Starting gunicorn 19.7.1
[2017-12-03 10:33:04 +0000] [1] [INFO] Listening at: http://0.0.0.0:8000 (1)
[2017-12-03 10:33:04 +0000] [1] [INFO] Using worker: sync
[2017-12-03 10:33:04 +0000] [10] [INFO] Booting worker with pid: 10
[2017-12-03 10:33:04 +0000] [11] [INFO] Booting worker with pid: 11
[2017-12-03 10:33:04 +0000] [12] [INFO] Booting worker with pid: 12
[2017-12-03 11:13:03 +0000] [1] [INFO] Handling signal: term
[2017-12-03 11:13:03 +0000] [10] [INFO] Worker exiting (pid: 10)
[2017-12-03 11:13:03 +0000] [12] [INFO] Worker exiting (pid: 12)
[2017-12-03 11:13:03 +0000] [11] [INFO] Worker exiting (pid: 11)
[2017-12-03 11:13:04 +0000] [1] [INFO] Shutting down: Master
[2017-12-03 11:22:43 +0000] [1] [INFO] Starting gunicorn 19.7.1
[2017-12-03 11:22:43 +0000] [1] [INFO] Listening at: http://0.0.0.0:8000 (1)
[2017-12-03 11:22:43 +0000] [1] [INFO] Using worker: sync
[2017-12-03 11:22:43 +0000] [10] [INFO] Booting worker with pid: 10
[2017-12-03 11:22:43 +0000] [11] [INFO] Booting worker with pid: 11
[2017-12-03 11:22:43 +0000] [13] [INFO] Booting worker with pid: 13
[2017-12-03 11:53:42 +0000] [1] [INFO] Handling signal: term
[2017-12-03 11:53:42 +0000] [10] [INFO] Worker exiting (pid: 10)
[2017-12-03 11:53:42 +0000] [11] [INFO] Worker exiting (pid: 11)
[2017-12-03 11:53:42 +0000] [13] [INFO] Worker exiting (pid: 13)
[2017-12-03 11:53:43 +0000] [1] [INFO] Shutting down: Master
[2017-12-03 12:10:13 +0000] [1] [INFO] Starting gunicorn 19.7.1
[2017-12-03 12:10:13 +0000] [1] [INFO] Listening at: http://0.0.0.0:8000 (1)
[2017-12-03 12:10:13 +0000] [1] [INFO] Using worker: sync
[2017-12-03 12:10:13 +0000] [10] [INFO] Booting worker with pid: 10
[2017-12-03 12:10:13 +0000] [12] [INFO] Booting worker with pid: 12
[2017-12-03 12:10:13 +0000] [13] [INFO] Booting worker with pid: 13
[2017-12-03 12:26:58 +0000] [1] [INFO] Handling signal: term
[2017-12-03 12:26:58 +0000] [10] [INFO] Worker exiting (pid: 10)
[2017-12-03 12:26:58 +0000] [12] [INFO] Worker exiting (pid: 12)
[2017-12-03 12:26:58 +0000] [13] [INFO] Worker exiting (pid: 13)
[2017-12-03 12:26:58 +0000] [1] [INFO] Shutting down: Master
[2017-12-03 12:31:38 +0000] [1] [INFO] Starting gunicorn 19.7.1
[2017-12-03 12:31:38 +0000] [1] [INFO] Listening at: http://0.0.0.0:8000 (1)
[2017-12-03 12:31:38 +0000] [1] [INFO] Using worker: sync
[2017-12-03 12:31:38 +0000] [10] [INFO] Booting worker with pid: 10
[2017-12-03 12:31:38 +0000] [11] [INFO] Booting worker with pid: 11
[2017-12-03 12:31:38 +0000] [12] [INFO] Booting worker with pid: 12
[2017-12-03 12:32:22 +0000] [1] [CRITICAL] WORKER TIMEOUT (pid:10)
[2017-12-03 12:32:22 +0000] [10] [INFO] Worker exiting (pid: 10)
[2017-12-03 12:32:22 +0000] [1] [CRITICAL] WORKER TIMEOUT (pid:12)
[2017-12-03 12:32:22 +0000] [12] [INFO] Worker exiting (pid: 12)
[2017-12-03 12:32:22 +0000] [1] [CRITICAL] WORKER TIMEOUT (pid:11)
[2017-12-03 12:32:22 +0000] [11] [INFO] Worker exiting (pid: 11)
[2017-12-03 12:32:22 +0000] [16] [INFO] Booting worker with pid: 16
[2017-12-03 12:32:22 +0000] [17] [INFO] Booting worker with pid: 17
[2017-12-03 12:32:22 +0000] [18] [INFO] Booting worker with pid: 18
[2017-12-03 12:32:53 +0000] [1] [CRITICAL] WORKER TIMEOUT (pid:16)
[2017-12-03 12:32:53 +0000] [1] [CRITICAL] WORKER TIMEOUT (pid:17)
[2017-12-03 12:32:53 +0000] [17] [INFO] Worker exiting (pid: 17)
[2017-12-03 12:32:53 +0000] [16] [INFO] Worker exiting (pid: 16)
[2017-12-03 12:32:54 +0000] [26] [INFO] Booting worker with pid: 26
[2017-12-03 12:32:54 +0000] [27] [INFO] Booting worker with pid: 27
[2017-12-03 12:37:08 +0000] [1] [INFO] Handling signal: term
[2017-12-03 12:37:08 +0000] [18] [INFO] Worker exiting (pid: 18)
[2017-12-03 12:37:08 +0000] [26] [INFO] Worker exiting (pid: 26)
[2017-12-03 12:37:08 +0000] [27] [INFO] Worker exiting (pid: 27)
[2017-12-03 12:37:08 +0000] [1] [INFO] Shutting down: Master
[2017-12-03 12:37:18 +0000] [1] [INFO] Starting gunicorn 19.7.1
[2017-12-03 12:37:18 +0000] [1] [INFO] Listening at: http://0.0.0.0:8000 (1)
[2017-12-03 12:37:18 +0000] [1] [INFO] Using worker: sync
[2017-12-03 12:37:18 +0000] [10] [INFO] Booting worker with pid: 10
[2017-12-03 12:37:18 +0000] [11] [INFO] Booting worker with pid: 11
[2017-12-03 12:37:18 +0000] [12] [INFO] Booting worker with pid: 12
[2017-12-03 12:42:13 +0000] [1] [INFO] Handling signal: term
[2017-12-03 12:42:13 +0000] [10] [INFO] Worker exiting (pid: 10)
[2017-12-03 12:42:13 +0000] [11] [INFO] Worker exiting (pid: 11)
[2017-12-03 12:42:13 +0000] [12] [INFO] Worker exiting (pid: 12)
[2017-12-03 12:42:14 +0000] [1] [INFO] Shutting down: Master
[2017-12-03 12:45:09 +0000] [1] [INFO] Starting gunicorn 19.7.1
[2017-12-03 12:45:09 +0000] [1] [INFO] Listening at: http://0.0.0.0:8000 (1)
[2017-12-03 12:45:09 +0000] [1] [INFO] Using worker: sync
[2017-12-03 12:45:09 +0000] [10] [INFO] Booting worker with pid: 10
[2017-12-03 12:45:09 +0000] [12] [INFO] Booting worker with pid: 12
[2017-12-03 12:45:09 +0000] [13] [INFO] Booting worker with pid: 13
[2017-12-03 12:49:30 +0000] [1] [INFO] Handling signal: term
[2017-12-03 12:49:30 +0000] [10] [INFO] Worker exiting (pid: 10)
[2017-12-03 12:49:30 +0000] [12] [INFO] Worker exiting (pid: 12)
[2017-12-03 12:49:30 +0000] [13] [INFO] Worker exiting (pid: 13)
[2017-12-03 12:49:30 +0000] [1] [INFO] Shutting down: Master
[2017-12-03 12:53:29 +0000] [1] [INFO] Starting gunicorn 19.7.1
[2017-12-03 12:53:29 +0000] [1] [INFO] Listening at: http://0.0.0.0:8000 (1)
[2017-12-03 12:53:29 +0000] [1] [INFO] Using worker: sync
[2017-12-03 12:53:29 +0000] [10] [INFO] Booting worker with pid: 10
[2017-12-03 12:53:29 +0000] [11] [INFO] Booting worker with pid: 11
[2017-12-03 12:53:29 +0000] [12] [INFO] Booting worker with pid: 12
[2017-12-03 12:58:08 +0000] [1] [INFO] Handling signal: term
[2017-12-03 12:58:08 +0000] [10] [INFO] Worker exiting (pid: 10)
[2017-12-03 12:58:08 +0000] [11] [INFO] Worker exiting (pid: 11)
[2017-12-03 12:58:08 +0000] [12] [INFO] Worker exiting (pid: 12)
[2017-12-03 12:58:09 +0000] [1] [INFO] Shutting down: Master
[2017-12-03 13:13:48 +0000] [1] [INFO] Starting gunicorn 19.7.1
[2017-12-03 13:13:48 +0000] [1] [INFO] Listening at: http://0.0.0.0:8000 (1)
[2017-12-03 13:13:48 +0000] [1] [INFO] Using worker: sync
[2017-12-03 13:13:48 +0000] [10] [INFO] Booting worker with pid: 10
[2017-12-03 13:13:48 +0000] [12] [INFO] Booting worker with pid: 12
[2017-12-03 13:13:48 +0000] [13] [INFO] Booting worker with pid: 13
[2017-12-03 13:17:32 +0000] [1] [INFO] Handling signal: term
[2017-12-03 13:17:32 +0000] [10] [INFO] Worker exiting (pid: 10)
[2017-12-03 13:17:32 +0000] [12] [INFO] Worker exiting (pid: 12)
[2017-12-03 13:17:32 +0000] [13] [INFO] Worker exiting (pid: 13)
[2017-12-03 13:17:32 +0000] [1] [INFO] Shutting down: Master
[2017-12-03 13:26:27 +0000] [1] [INFO] Starting gunicorn 19.7.1
[2017-12-03 13:26:27 +0000] [1] [INFO] Listening at: http://0.0.0.0:8000 (1)
[2017-12-03 13:26:27 +0000] [1] [INFO] Using worker: sync
[2017-12-03 13:26:27 +0000] [10] [INFO] Booting worker with pid: 10
[2017-12-03 13:26:27 +0000] [11] [INFO] Booting worker with pid: 11
[2017-12-03 13:26:27 +0000] [13] [INFO] Booting worker with pid: 13
[2017-12-03 13:31:34 +0000] [1] [INFO] Handling signal: term
[2017-12-03 13:31:34 +0000] [10] [INFO] Worker exiting (pid: 10)
[2017-12-03 13:31:34 +0000] [11] [INFO] Worker exiting (pid: 11)
[2017-12-03 13:31:34 +0000] [13] [INFO] Worker exiting (pid: 13)
[2017-12-03 13:31:35 +0000] [1] [INFO] Shutting down: Master
[2017-12-03 14:09:55 +0000] [1] [INFO] Starting gunicorn 19.7.1
[2017-12-03 14:09:55 +0000] [1] [INFO] Listening at: http://0.0.0.0:8000 (1)
[2017-12-03 14:09:55 +0000] [1] [INFO] Using worker: sync
[2017-12-03 14:09:55 +0000] [10] [INFO] Booting worker with pid: 10
[2017-12-03 14:09:55 +0000] [11] [INFO] Booting worker with pid: 11
[2017-12-03 14:09:55 +0000] [12] [INFO] Booting worker with pid: 12
[2017-12-03 14:10:30 +0000] [1] [INFO] Handling signal: term
[2017-12-03 14:10:30 +0000] [10] [INFO] Worker exiting (pid: 10)
[2017-12-03 14:10:30 +0000] [11] [INFO] Worker exiting (pid: 11)
[2017-12-03 14:10:30 +0000] [12] [INFO] Worker exiting (pid: 12)
[2017-12-03 14:10:31 +0000] [1] [INFO] Shutting down: Master
[2017-12-03 14:13:00 +0000] [1] [INFO] Starting gunicorn 19.7.1
[2017-12-03 14:13:00 +0000] [1] [INFO] Listening at: http://0.0.0.0:8000 (1)
[2017-12-03 14:13:00 +0000] [1] [INFO] Using worker: sync
[2017-12-03 14:13:00 +0000] [10] [INFO] Booting worker with pid: 10
[2017-12-03 14:13:00 +0000] [12] [INFO] Booting worker with pid: 12
[2017-12-03 14:13:00 +0000] [13] [INFO] Booting worker with pid: 13
[2017-12-03 14:15:10 +0000] [1] [INFO] Handling signal: term
[2017-12-03 14:15:10 +0000] [10] [INFO] Worker exiting (pid: 10)
[2017-12-03 14:15:10 +0000] [12] [INFO] Worker exiting (pid: 12)
[2017-12-03 14:15:10 +0000] [13] [INFO] Worker exiting (pid: 13)
[2017-12-03 14:15:11 +0000] [1] [INFO] Shutting down: Master
[2017-12-04 10:28:28 +0000] [8] [INFO] Starting gunicorn 19.7.1
[2017-12-04 10:28:28 +0000] [8] [INFO] Listening at: http://0.0.0.0:8010 (8)
[2017-12-04 10:28:28 +0000] [8] [INFO] Using worker: sync
[2017-12-04 10:28:28 +0000] [13] [INFO] Booting worker with pid: 13
[2017-12-04 10:28:28 +0000] [15] [INFO] Booting worker with pid: 15
[2017-12-04 10:28:28 +0000] [16] [INFO] Booting worker with pid: 16
[2017-12-04 10:31:12 +0000] [8] [INFO] Starting gunicorn 19.7.1
[2017-12-04 10:31:12 +0000] [8] [INFO] Listening at: http://0.0.0.0:8010 (8)
[2017-12-04 10:31:12 +0000] [8] [INFO] Using worker: sync
[2017-12-04 10:31:12 +0000] [13] [INFO] Booting worker with pid: 13
[2017-12-04 10:31:12 +0000] [15] [INFO] Booting worker with pid: 15
[2017-12-04 10:31:12 +0000] [16] [INFO] Booting worker with pid: 16
[2017-12-04 10:39:39 +0000] [8] [INFO] Starting gunicorn 19.7.1
[2017-12-04 10:39:39 +0000] [8] [INFO] Listening at: http://0.0.0.0:8010 (8)
[2017-12-04 10:39:39 +0000] [8] [INFO] Using worker: sync
[2017-12-04 10:39:39 +0000] [13] [INFO] Booting worker with pid: 13
[2017-12-04 10:39:39 +0000] [15] [INFO] Booting worker with pid: 15
[2017-12-04 10:39:39 +0000] [16] [INFO] Booting worker with pid: 16
[2017-12-04 10:42:50 +0000] [8] [INFO] Starting gunicorn 19.7.1
[2017-12-04 10:42:50 +0000] [8] [INFO] Listening at: http://0.0.0.0:8010 (8)
[2017-12-04 10:42:50 +0000] [8] [INFO] Using worker: sync
[2017-12-04 10:42:50 +0000] [13] [INFO] Booting worker with pid: 13
[2017-12-04 10:42:50 +0000] [14] [INFO] Booting worker with pid: 14
[2017-12-04 10:42:50 +0000] [16] [INFO] Booting worker with pid: 16
[2017-12-04 10:47:07 +0000] [8] [INFO] Starting gunicorn 19.7.1
[2017-12-04 10:47:07 +0000] [8] [INFO] Listening at: http://0.0.0.0:8010 (8)
[2017-12-04 10:47:07 +0000] [8] [INFO] Using worker: sync
[2017-12-04 10:47:07 +0000] [13] [INFO] Booting worker with pid: 13
[2017-12-04 10:47:07 +0000] [15] [INFO] Booting worker with pid: 15
[2017-12-04 10:47:07 +0000] [16] [INFO] Booting worker with pid: 16
[2017-12-04 11:17:32 +0000] [8] [INFO] Starting gunicorn 19.7.1
[2017-12-04 11:17:32 +0000] [8] [INFO] Listening at: http://0.0.0.0:8010 (8)
[2017-12-04 11:17:32 +0000] [8] [INFO] Using worker: sync
[2017-12-04 11:17:32 +0000] [13] [INFO] Booting worker with pid: 13
[2017-12-04 11:17:32 +0000] [14] [INFO] Booting worker with pid: 14
[2017-12-04 11:17:33 +0000] [15] [INFO] Booting worker with pid: 15
[2017-12-04 11:31:45 +0000] [8] [INFO] Starting gunicorn 19.7.1
[2017-12-04 11:31:45 +0000] [8] [INFO] Listening at: http://0.0.0.0:8010 (8)
[2017-12-04 11:31:45 +0000] [8] [INFO] Using worker: sync
[2017-12-04 11:31:45 +0000] [13] [INFO] Booting worker with pid: 13
[2017-12-04 11:31:45 +0000] [15] [INFO] Booting worker with pid: 15
[2017-12-04 11:31:45 +0000] [16] [INFO] Booting worker with pid: 16
[2017-12-04 11:43:14 +0000] [8] [INFO] Starting gunicorn 19.7.1
[2017-12-04 11:43:14 +0000] [8] [INFO] Listening at: http://0.0.0.0:8010 (8)
[2017-12-04 11:43:14 +0000] [8] [INFO] Using worker: sync
[2017-12-04 11:43:14 +0000] [13] [INFO] Booting worker with pid: 13
[2017-12-04 11:43:14 +0000] [14] [INFO] Booting worker with pid: 14
[2017-12-04 11:43:14 +0000] [16] [INFO] Booting worker with pid: 16
[2017-12-04 12:01:30 +0000] [8] [INFO] Starting gunicorn 19.7.1
[2017-12-04 12:01:30 +0000] [8] [INFO] Listening at: http://0.0.0.0:8010 (8)
[2017-12-04 12:01:30 +0000] [8] [INFO] Using worker: sync
[2017-12-04 12:01:30 +0000] [13] [INFO] Booting worker with pid: 13
[2017-12-04 12:01:30 +0000] [14] [INFO] Booting worker with pid: 14
[2017-12-04 12:01:30 +0000] [15] [INFO] Booting worker with pid: 15
[2017-12-04 12:05:59 +0000] [8] [INFO] Starting gunicorn 19.7.1
[2017-12-04 12:05:59 +0000] [8] [INFO] Listening at: http://0.0.0.0:8010 (8)
[2017-12-04 12:05:59 +0000] [8] [INFO] Using worker: sync
[2017-12-04 12:05:59 +0000] [13] [INFO] Booting worker with pid: 13
[2017-12-04 12:05:59 +0000] [14] [INFO] Booting worker with pid: 14
[2017-12-04 12:05:59 +0000] [15] [INFO] Booting worker with pid: 15
[2017-12-04 12:12:09 +0000] [8] [INFO] Starting gunicorn 19.7.1
[2017-12-04 12:12:09 +0000] [8] [INFO] Listening at: http://0.0.0.0:8010 (8)
[2017-12-04 12:12:09 +0000] [8] [INFO] Using worker: sync
[2017-12-04 12:12:09 +0000] [13] [INFO] Booting worker with pid: 13
[2017-12-04 12:12:09 +0000] [14] [INFO] Booting worker with pid: 14
[2017-12-04 12:12:09 +0000] [15] [INFO] Booting worker with pid: 15
[2017-12-04 12:22:30 +0000] [12] [INFO] Starting gunicorn 19.7.1
[2017-12-04 12:22:30 +0000] [12] [INFO] Listening at: http://0.0.0.0:8010 (12)
[2017-12-04 12:22:30 +0000] [12] [INFO] Using worker: sync
[2017-12-04 12:22:30 +0000] [17] [INFO] Booting worker with pid: 17
[2017-12-04 12:22:30 +0000] [18] [INFO] Booting worker with pid: 18
[2017-12-04 12:22:30 +0000] [19] [INFO] Booting worker with pid: 19
